This is pdfTeX, Version 3.14159265-2.6-1.40.16 (MiKTeX 2.9 64-bit) (preloaded format=pdflatex 2016.1.21)  7 APR 2017 15:21
entering extended mode
**./lista.tex
(lista.tex
LaTeX2e <2015/10/01> patch level 2
Babel <3.9m> and hyphenation patterns for 69 languages loaded.

("C:\Users\flc59_000\AppData\Local\Programs\MiKTeX 2.9\tex\latex\abntex2\abntex
2.cls"
Document Class: abntex2 2015/04/28 v1.9.5 abnTeX2

("C:\Users\flc59_000\AppData\Local\Programs\MiKTeX 2.9\tex\latex\base\ifthen.st
y"
Package: ifthen 2014/09/29 v1.1c Standard LaTeX ifthen package (DPC)
)
("C:\Users\flc59_000\AppData\Local\Programs\MiKTeX 2.9\tex\latex\memoir\memoir.
cls"
Document Class: memoir 2015/07/08 v3.7e configurable book, report, article docu
ment class
\onelineskip=\skip41
\lxvchars=\skip42
\xlvchars=\skip43
\@memcnta=\count79
\c@@memmarkcntra=\count80
\l@nohyphenation=\language70

("C:\Users\flc59_000\AppData\Local\Programs\MiKTeX 2.9\tex\generic\oberdiek\ifp
df.sty"
Package: ifpdf 2011/01/30 v2.3 Provides the ifpdf switch (HO)
Package ifpdf Info: pdfTeX in PDF mode is detected.
)
("C:\Users\flc59_000\AppData\Local\Programs\MiKTeX 2.9\tex\latex\ifetex\ifetex.
sty"
Package: ifetex 2011/12/15 v1.2 ifetex

("C:\Users\flc59_000\AppData\Local\Programs\MiKTeX 2.9\tex\plain\ifetex\ifetex.
tex"))
("C:\Users\flc59_000\AppData\Local\Programs\MiKTeX 2.9\tex\generic\ifxetex\ifxe
tex.sty"
Package: ifxetex 2010/09/12 v0.6 Provides ifxetex conditional
)
("C:\Users\flc59_000\AppData\Local\Programs\MiKTeX 2.9\tex\generic\oberdiek\ifl
uatex.sty"
Package: ifluatex 2010/03/01 v1.3 Provides the ifluatex switch (HO)
Package ifluatex Info: LuaTeX not detected.
)
\stockheight=\skip44
\stockwidth=\skip45
\trimtop=\skip46
\trimedge=\skip47

("C:\Users\flc59_000\AppData\Local\Programs\MiKTeX 2.9\tex\latex\memoir\mem12.c
lo"
File: mem12.clo 2010/10/19 v0.4b memoir class 12pt size option
)
\binding=\skip48
\spinemargin=\skip49
\foremargin=\skip50
\uppermargin=\skip51
\lowermargin=\skip52
\headdrop=\skip53
\normalrulethickness=\skip54
\mem@maxheadheight=\skip55
\mem@maxfootheight=\skip56
\headwidth=\skip57
\c@storedpagenumber=\count81
\memPD=\dimen102
\m@mabparskip=\skip58
\thanksmarkwidth=\skip59
\thanksmarksep=\skip60
\droptitle=\skip61
\c@book=\count82
\c@part=\count83
\c@chapter=\count84
\c@section=\count85
\c@subsection=\count86
\c@subsubsection=\count87
\c@paragraph=\count88
\c@subparagraph=\count89
\beforechapskip=\skip62
\midchapskip=\skip63
\afterchapskip=\skip64
\chapindent=\skip65
\bottomsectionskip=\skip66
\secindent=\skip67
\beforesecskip=\skip68
\aftersecskip=\skip69
\subsecindent=\skip70
\beforesubsecskip=\skip71
\aftersubsecskip=\skip72
\subsubsecindent=\skip73
\beforesubsubsecskip=\skip74
\aftersubsubsecskip=\skip75
\paraindent=\skip76
\beforeparaskip=\skip77
\afterparaskip=\skip78
\subparaindent=\skip79
\beforesubparaskip=\skip80
\aftersubparaskip=\skip81
\pfbreakskip=\skip82
\c@@ppsavesec=\count90
\c@@ppsaveapp=\count91
\ragrparindent=\dimen103
\everylistparindent=\dimen104
\parsepi=\skip83
\topsepi=\skip84
\itemsepi=\skip85
\parsepii=\skip86
\topsepii=\skip87
\topsepiii=\skip88
\itemsepii=\skip89
\itemsepiii=\skip90
\partopsepii=\skip91
\partopsepiii=\skip92
\m@msavetopsep=\skip93
\m@msavepartopsep=\skip94
\@enLab=\toks14
\abstitleskip=\skip95
\absleftindent=\skip96
\abs@leftindent=\dimen105
\absrightindent=\skip97
\absparindent=\skip98
\absparsep=\skip99
\c@vslineno=\count92
\c@poemline=\count93
\c@modulo@vs=\count94
\c@memfvsline=\count95
\vleftskip=\skip100
\vrightskip=\skip101
\stanzaskip=\skip102
\versewidth=\skip103
\vgap=\skip104
\vindent=\skip105
\vleftmargin=\dimen106
\c@verse=\count96
\c@chrsinstr=\count97
\beforepoemtitleskip=\skip106
\afterpoemtitleskip=\skip107
\c@poem=\count98
\beforePoemTitleskip=\skip108
\midPoemTitleskip=\skip109
\afterPoemTitleskip=\skip110
\col@sep=\dimen107
\extrarowheight=\dimen108
\NC@list=\toks15
\extratabsurround=\skip111
\backup@length=\skip112
\TX@col@width=\dimen109
\TX@old@table=\dimen110
\TX@old@col=\dimen111
\TX@target=\dimen112
\TX@delta=\dimen113
\TX@cols=\count99
\TX@ftn=\toks16
\heavyrulewidth=\dimen114
\lightrulewidth=\dimen115
\cmidrulewidth=\dimen116
\belowrulesep=\dimen117
\belowbottomsep=\dimen118
\aboverulesep=\dimen119
\abovetopsep=\dimen120
\cmidrulesep=\dimen121
\cmidrulekern=\dimen122
\defaultaddspace=\dimen123
\@cmidla=\count100
\@cmidlb=\count101
\@aboverulesep=\dimen124
\@belowrulesep=\dimen125
\@thisruleclass=\count102
\@lastruleclass=\count103
\@thisrulewidth=\dimen126
\ctableftskip=\skip113
\ctabrightskip=\skip114
\abovecolumnspenalty=\count104
\@linestogo=\count105
\@cellstogo=\count106
\@cellsincolumn=\count107
\crtok=\toks17
\@mincolumnwidth=\dimen127
\c@newflo@tctr=\count108
\mem@margin@floatbox=\box26
\@contcwidth=\skip115
\@contindw=\skip116
\abovecaptionskip=\skip117
\belowcaptionskip=\skip118
\subfloattopskip=\skip119
\subfloatcapskip=\skip120
\subfloatcaptopadj=\skip121
\subfloatbottomskip=\skip122
\subfloatlabelskip=\skip123
\subfloatcapmargin=\dimen128
\c@@contsubnum=\count109
\m@mscap@capbox=\box27
\m@mscap@fbox=\box28
\sidecapsep=\dimen129
\sidecapwidth=\dimen130
\m@m@tempdima=\dimen131
\m@mscapraise=\dimen132
\sidecapraise=\dimen133
\m@mscapmainwidth=\dimen134
\m@mscaplkern=\dimen135
\beforeepigraphskip=\skip124
\afterepigraphskip=\skip125
\epigraphwidth=\skip126
\epigraphrule=\skip127
LaTeX Info: Redefining \em on input line 7535.
LaTeX Info: Redefining \emph on input line 7543.
\tocentryskip=\skip128
\tocbaseline=\skip129
\cftparskip=\skip130
\cftbeforebookskip=\skip131
\cftbookindent=\dimen136
\cftbooknumwidth=\dimen137
\cftbeforepartskip=\skip132
\cftpartindent=\skip133
\cftpartnumwidth=\skip134
\cftbeforechapterskip=\skip135
\cftchapterindent=\skip136
\cftchapternumwidth=\skip137
\cftbeforesectionskip=\skip138
\cftsectionindent=\skip139
\cftsectionnumwidth=\skip140
\cftbeforesubsectionskip=\skip141
\cftsubsectionindent=\skip142
\cftsubsectionnumwidth=\skip143
\cftbeforesubsubsectionskip=\skip144
\cftsubsubsectionindent=\skip145
\cftsubsubsectionnumwidth=\skip146
\cftbeforeparagraphskip=\skip147
\cftparagraphindent=\skip148
\cftparagraphnumwidth=\skip149
\cftbeforesubparagraphskip=\skip150
\cftsubparagraphindent=\skip151
\cftsubparagraphnumwidth=\skip152
\prechapterprecisshift=\dimen138
\c@maxsecnumdepth=\count110
\bibindent=\dimen139
\bibitemsep=\skip153
\indexcolsep=\skip154
\indexrule=\skip155
\indexmarkstyle=\toks18
\@indexbox=\insert199
\glossarycolsep=\dimen140
\glossaryrule=\dimen141
\sideparvshift=\skip156
\sideins=\insert198
\sidebartopsep=\skip157
\sidebarhsep=\skip158
\sidebarvsep=\skip159
\sidebarwidth=\skip160
\footmarkwidth=\skip161
\footmarksep=\skip162
\footparindent=\skip163
\footinsdim=\skip164
\footinsv@r=\insert197
\@mpfootinsv@r=\insert196
\m@m@k=\count111
\m@m@h=\dimen142
\m@mipn@skip=\skip165
\sidefootins=\insert195
\sidefootadjust=\skip166
\sidefootheight=\skip167
\sidefoothsep=\skip168
\sidefootvsep=\skip169
\sidefootwidth=\skip170
\m@mdownsf=\skip171
\c@sidefootnote=\count112
\sidefootmarkwidth=\skip172
\sidefootmarksep=\skip173
\sidefootparindent=\skip174
\c@pagenote=\count113
\c@pagenoteshadow=\count114
\mem@pn@lastkern=\skip175
\every@verbatim=\toks19
\afterevery@verbatim=\toks20
\verbatim@line=\toks21
\tab@position=\count115
\verbatim@in@stream=\read1
\verbatimindent=\skip176
\verbatim@out=\write3
\bvboxsep=\skip177
\c@memfbvline=\count116
\c@bvlinectr=\count117
\bvnumlength=\skip178
\fb@frw=\dimen143
\fb@frh=\dimen144
\FrameRule=\dimen145
\FrameSep=\dimen146
\c@cp@cntr=\count118
LaTeX Info: Redefining \: on input line 12052.
LaTeX Info: Redefining \! on input line 12054.
\c@ism@mctr=\count119
\c@xsm@mctr=\count120
\c@csm@mctr=\count121
\c@ksm@mctr=\count122
\c@xksm@mctr=\count123
\c@cksm@mctr=\count124
\c@msm@mctr=\count125
\c@xmsm@mctr=\count126
\c@cmsm@mctr=\count127
\c@bsm@mctr=\count128
\c@workm@mctr=\count129
\c@sheetsequence=\count130
\c@lastsheet=\count131
\c@lastpage=\count132
\c@figure=\count133
\c@lofdepth=\count134
\cftbeforefigureskip=\skip179
\cftfigureindent=\skip180
\cftfigurenumwidth=\skip181
\c@table=\count135
\c@lotdepth=\count136
\cftbeforetableskip=\skip182
\cfttableindent=\skip183
\cfttablenumwidth=\skip184
Package abstract [2008/07/23] emulated by memoir.
Package appendix [2008/07/23] emulated by memoir.
Package array [2008/09/09] emulated by memoir.
Package booktabs [2008/07/23] emulated by memoir.
Package ccaption [2008/07/23] emulated by memoir.
Package changepage [2008/07/23] emulated by memoir.
Package chngcntr [2008/07/23] emulated by memoir.
Package chngpage [2008/07/23] emulated by memoir.
Package crop emulated by memoir.
Package dcolumn [2008/07/23] emulated by memoir.
Package delarray [2008/07/23] emulated by memoir.
Package enumerate [2008/07/23] emulated by memoir.
Package epigraph [2008/07/23] emulated by memoir.
Package ifmtarg [2008/07/23] emulated by memoir.
Package index [2008/07/23] emulated by memoir.
Package makeidx [2008/07/23] emulated by memoir.
Package moreverb [2008/07/23] emulated by memoir.
Package mparhack [2008/07/23] emulated by memoir.
Package needspace [2008/07/23] emulated by memoir.
Package newfile [2008/07/23] emulated by memoir.
Package nextpage [2008/07/23] emulated by memoir.
Package pagenote [2008/07/23] emulated by memoir.
Package parskip [2008/07/23] emulated by memoir.
Package patchcmd [2008/07/23] emulated by memoir.
Package setspace [2008/07/23] emulated by memoir.
Package shortvrb [2008/07/23] emulated by memoir.
Package showidx [2008/07/23] emulated by memoir.
Package tabularx [2008/07/23] emulated by memoir.
Package titleref [2008/07/23] emulated by memoir.
Package titling [2008/07/23] emulated by memoir.
Package tocbibind [2008/07/23] emulated by memoir.
Package tocloft [2008/07/23] emulated by memoir.
Package tocvsec2 [2008/07/23] emulated by memoir.
Package verbatim [2008/07/23] emulated by memoir.
Package verse [2008/07/23] emulated by memoir.

("C:\Users\flc59_000\AppData\Local\Programs\MiKTeX 2.9\tex\latex\memoir\mempatc
h.sty"
Package: mempatch 2009/07/24 v6.0f Patches for memoir class v1.6180339
))
("C:\Users\flc59_000\AppData\Local\Programs\MiKTeX 2.9\tex\latex\textcase\textc
ase.sty"
Package: textcase 2004/10/07 v0.07 Text only upper/lower case changing (DPC)
LaTeX Info: Redefining \MakeTextUppercase on input line 47.
LaTeX Info: Redefining \MakeTextLowercase on input line 50.
)
("C:\Users\flc59_000\AppData\Local\Programs\MiKTeX 2.9\tex\latex\hyperref\hyper
ref.sty"
Package: hyperref 2012/11/06 v6.83m Hypertext links for LaTeX

("C:\Users\flc59_000\AppData\Local\Programs\MiKTeX 2.9\tex\generic\oberdiek\hob
sub-hyperref.sty"
Package: hobsub-hyperref 2012/04/25 v1.12 Bundle oberdiek, subset hyperref (HO)


("C:\Users\flc59_000\AppData\Local\Programs\MiKTeX 2.9\tex\generic\oberdiek\hob
sub-generic.sty"
Package: hobsub-generic 2012/04/25 v1.12 Bundle oberdiek, subset generic (HO)
Package: hobsub 2012/04/25 v1.12 Construct package bundles (HO)
Package: infwarerr 2010/04/08 v1.3 Providing info/warning/error messages (HO)
Package: ltxcmds 2011/11/09 v1.22 LaTeX kernel commands for general use (HO)
Package hobsub Info: Skipping package `ifluatex' (already loaded).
Package: ifvtex 2010/03/01 v1.5 Detect VTeX and its facilities (HO)
Package ifvtex Info: VTeX not detected.
Package: intcalc 2007/09/27 v1.1 Expandable calculations with integers (HO)
Package hobsub Info: Skipping package `ifpdf' (already loaded).
Package: etexcmds 2011/02/16 v1.5 Avoid name clashes with e-TeX commands (HO)
Package etexcmds Info: Could not find \expanded.
(etexcmds)             That can mean that you are not using pdfTeX 1.50 or
(etexcmds)             that some package has redefined \expanded.
(etexcmds)             In the latter case, load this package earlier.
Package: kvsetkeys 2012/04/25 v1.16 Key value parser (HO)
Package: kvdefinekeys 2011/04/07 v1.3 Define keys (HO)
Package: pdftexcmds 2011/11/29 v0.20 Utility functions of pdfTeX for LuaTeX (HO
)
Package pdftexcmds Info: LuaTeX not detected.
Package pdftexcmds Info: \pdf@primitive is available.
Package pdftexcmds Info: \pdf@ifprimitive is available.
Package pdftexcmds Info: \pdfdraftmode found.
Package: pdfescape 2011/11/25 v1.13 Implements pdfTeX's escape features (HO)
Package: bigintcalc 2012/04/08 v1.3 Expandable calculations on big integers (HO
)
Package: bitset 2011/01/30 v1.1 Handle bit-vector datatype (HO)
Package: uniquecounter 2011/01/30 v1.2 Provide unlimited unique counter (HO)
)
Package hobsub Info: Skipping package `hobsub' (already loaded).
Package: letltxmacro 2010/09/02 v1.4 Let assignment for LaTeX macros (HO)
Package: hopatch 2011/06/24 v1.1 Wrapper for package hooks (HO)
Package: xcolor-patch 2011/01/30 xcolor patch
Package: atveryend 2011/06/30 v1.8 Hooks at the very end of document (HO)
Package atveryend Info: \enddocument detected (standard20110627).
Package: atbegshi 2011/10/05 v1.16 At begin shipout hook (HO)
Package: refcount 2011/10/16 v3.4 Data extraction from label references (HO)
Package: hycolor 2011/01/30 v1.7 Color options for hyperref/bookmark (HO)
)
("C:\Users\flc59_000\AppData\Local\Programs\MiKTeX 2.9\tex\latex\graphics\keyva
l.sty"
Package: keyval 2014/10/28 v1.15 key=value parser (DPC)
\KV@toks@=\toks22
)
("C:\Users\flc59_000\AppData\Local\Programs\MiKTeX 2.9\tex\latex\oberdiek\auxho
ok.sty"
Package: auxhook 2011/03/04 v1.3 Hooks for auxiliary files (HO)
)
("C:\Users\flc59_000\AppData\Local\Programs\MiKTeX 2.9\tex\latex\oberdiek\kvopt
ions.sty"
Package: kvoptions 2011/06/30 v3.11 Key value format for package options (HO)
)
\@linkdim=\dimen147
\Hy@linkcounter=\count137
\Hy@pagecounter=\count138

("C:\Users\flc59_000\AppData\Local\Programs\MiKTeX 2.9\tex\latex\hyperref\pd1en
c.def"
File: pd1enc.def 2012/11/06 v6.83m Hyperref: PDFDocEncoding definition (HO)
)
\Hy@SavedSpaceFactor=\count139

("C:\Users\flc59_000\AppData\Local\Programs\MiKTeX 2.9\tex\latex\00miktex\hyper
ref.cfg"
File: hyperref.cfg 2002/06/06 v1.2 hyperref configuration of TeXLive
)
Package hyperref Info: Hyper figures OFF on input line 4443.
Package hyperref Info: Link nesting OFF on input line 4448.
Package hyperref Info: Hyper index ON on input line 4451.
Package hyperref Info: Plain pages OFF on input line 4458.
Package hyperref Info: Backreferencing OFF on input line 4463.
Package hyperref Info: Implicit mode ON; LaTeX internals redefined.
Package hyperref Info: Bookmarks ON on input line 4688.
\c@Hy@tempcnt=\count140

("C:\Users\flc59_000\AppData\Local\Programs\MiKTeX 2.9\tex\latex\url\url.sty"
\Urlmuskip=\muskip10
Package: url 2013/09/16  ver 3.4  Verb mode for urls, etc.
)
LaTeX Info: Redefining \url on input line 5041.
\XeTeXLinkMargin=\dimen148
\Fld@menulength=\count141
\Field@Width=\dimen149
\Fld@charsize=\dimen150
Package hyperref Info: Hyper figures OFF on input line 6295.
Package hyperref Info: Link nesting OFF on input line 6300.
Package hyperref Info: Hyper index ON on input line 6303.
Package hyperref Info: backreferencing OFF on input line 6310.
Package hyperref Info: Link coloring OFF on input line 6315.
Package hyperref Info: Link coloring with OCG OFF on input line 6320.
Package hyperref Info: PDF/A mode OFF on input line 6325.
LaTeX Info: Redefining \ref on input line 6365.
LaTeX Info: Redefining \pageref on input line 6369.
\Hy@abspage=\count142
\c@Item=\count143
\c@Hfootnote=\count144
)
("C:\Users\flc59_000\AppData\Local\Programs\MiKTeX 2.9\tex\latex\memoir\memhfix
c.sty"
Package: memhfixc 2013/05/30 v1.17 nameref/hyperref package fixes for memoir cl
ass
\c@memhycontfloat=\count145
\c@Hpagenote=\count146
)

Package hyperref Message: Driver (autodetected): hpdftex.


("C:\Users\flc59_000\AppData\Local\Programs\MiKTeX 2.9\tex\latex\hyperref\hpdft
ex.def"
File: hpdftex.def 2012/11/06 v6.83m Hyperref driver for pdfTeX
\Fld@listcount=\count147
\c@bookmark@seq@number=\count148

("C:\Users\flc59_000\AppData\Local\Programs\MiKTeX 2.9\tex\latex\oberdiek\rerun
filecheck.sty"
Package: rerunfilecheck 2011/04/15 v1.7 Rerun checks for auxiliary files (HO)
Package uniquecounter Info: New unique counter `rerunfilecheck' on input line 2
82.
)
\Hy@SectionHShift=\skip185
)
("C:\Users\flc59_000\AppData\Local\Programs\MiKTeX 2.9\tex\latex\oberdiek\bookm
ark.sty"
Package: bookmark 2011/12/02 v1.24 PDF bookmarks (HO)

("C:\Users\flc59_000\AppData\Local\Programs\MiKTeX 2.9\tex\latex\oberdiek\bkm-p
dftex.def"
File: bkm-pdftex.def 2011/12/02 v1.24 bookmark driver for pdfTeX (HO)
\BKM@id=\count149
))
("C:\Users\flc59_000\AppData\Local\Programs\MiKTeX 2.9\tex\generic\babel\babel.
sty"
Package: babel 2015/08/03 3.9m The Babel package

*************************************
* Local config file bblopts.cfg used
*

("C:\Users\flc59_000\AppData\Local\Programs\MiKTeX 2.9\tex\latex\00miktex\bblop
ts.cfg"
File: bblopts.cfg 2006/07/31 v1.0 MiKTeX 'babel' configuration
)
("C:\Users\flc59_000\AppData\Local\Programs\MiKTeX 2.9\tex\latex\babel-english\
english.ldf"
Language: english 2012/08/20 v3.3p English support from the babel system

("C:\Users\flc59_000\AppData\Local\Programs\MiKTeX 2.9\tex\generic\babel\babel.
def"
File: babel.def 2015/08/03 3.9m Babel common definitions
\babel@savecnt=\count150
\U@D=\dimen151
)
\l@canadian = a dialect from \language\l@american 
\l@australian = a dialect from \language\l@british 
\l@newzealand = a dialect from \language\l@british 
)
("C:\Users\flc59_000\AppData\Local\Programs\MiKTeX 2.9\tex\latex\babel-french\f
renchb.ldf"
Language: frenchb 2016/02/13 v3.1l French support from the babel system
\l@acadian = a dialect from \language\l@french 
\l@canadien = a dialect from \language\l@french 
\FBcolonskip=\skip186
\FBthinskip=\skip187
Package babel Info: Making : an active character on input line 342.
Package babel Info: Making ; an active character on input line 343.
Package babel Info: Making ! an active character on input line 344.
Package babel Info: Making ? an active character on input line 345.
\FBguillskip=\skip188
\FBguill@level=\count151
\FB@everypar=\toks23
\FB@Mht=\dimen152
\std@mcc=\count152
\dec@mcc=\count153
\listindentFB=\skip189
\labelwidthFB=\skip190
\leftmarginFB=\skip191
\parindentFFN=\dimen153
)
("C:\Users\flc59_000\AppData\Local\Programs\MiKTeX 2.9\tex\latex\babel-spanish\
spanish.ldf"
Language: spanish.ldf 2016/01/15 v5.0o Spanish support from the babel system
\es@quottoks=\toks24
\es@quotdepth=\count154
Package babel Info: Making " an active character on input line 533.
Package babel Info: Making . an active character on input line 634.
Package babel Info: Making < an active character on input line 679.
Package babel Info: Making > an active character on input line 679.
)
("C:\Users\flc59_000\AppData\Local\Programs\MiKTeX 2.9\tex\latex\babel-portuges
\portuges.ldf"
Language: portuges 2008/03/18 v1.2q Portuguese support from the babel system
\l@brazil = a dialect from \language\l@portuges 
))
("C:\Users\flc59_000\AppData\Local\Programs\MiKTeX 2.9\tex\latex\carlisle\scale
fnt.sty")
("C:\Users\flc59_000\AppData\Local\Programs\MiKTeX 2.9\tex\latex\enumitem\enumi
tem.sty"
Package: enumitem 2011/09/28 v3.5.2 Customized lists
\labelindent=\skip192
\enit@outerparindent=\dimen154
\enit@toks=\toks25
\enit@inbox=\box29
\enitdp@description=\count155
)
("C:\Users\flc59_000\AppData\Local\Programs\MiKTeX 2.9\tex\latex\tools\calc.sty
"
Package: calc 2014/10/28 v4.3 Infix arithmetic (KKT,FJ)
\calc@Acount=\count156
\calc@Bcount=\count157
\calc@Adimen=\dimen155
\calc@Bdimen=\dimen156
\calc@Askip=\skip193
\calc@Bskip=\skip194
LaTeX Info: Redefining \setlength on input line 80.
LaTeX Info: Redefining \addtolength on input line 81.
\calc@Ccount=\count158
\calc@Cskip=\skip256
)

******************************************************
Stock height and width: 845.04684pt by 597.50787pt
Top and edge trims: 0pt and 0pt
Page height and width: 845.04684pt by 597.50787pt
Text height and width: 708pt by 455pt
Spine and edge margins: 85.35826pt and 56.9055pt
Upper and lower margins: 85.35826pt and 51.68858pt
Headheight and headsep: 14.5pt and 19.8738pt
Footskip: 30pt
Columnsep and columnseprule: 10pt and 0pt
Marginparsep and marginparwidth: 7pt and 42.9055pt
Sidecapsep and sidecapwidth: 7pt and 42pt
Sidebarhsep and sidebarwidth: 7pt and 42pt
Sidebarvsep and sidebartopsep: 14.5pt and 0pt
Sidebarheight: 590.14995pt
Sidefoothsep and sidefootwidth: 7pt and 42pt
Sidefootvsep and sidefootheight: 14.5pt and 590.14995pt
******************************************************

\c@abntex@bookmarkcounter=\count159
\cftlastnumwidth=\skip257
\chapternamenumlength=\skip258
\ABNTEXcitacaorecuo=\skip259
\c@alineasi=\count160
\c@alineasii=\count161
\enitdp@alineas=\count162
\c@subalineasi=\count163
\enitdp@subalineas=\count164
\c@incisosi=\count165
\enitdp@incisos=\count166
\ABNTEXsignwidth=\skip260
\ABNTEXsignthickness=\skip261
\ABNTEXsignskip=\skip262
)
("C:\Users\flc59_000\AppData\Local\Programs\MiKTeX 2.9\tex\latex\lm\lmodern.sty
"
Package: lmodern 2009/10/30 v1.6 Latin Modern Fonts
LaTeX Font Info:    Overwriting symbol font `operators' in version `normal'
(Font)                  OT1/cmr/m/n --> OT1/lmr/m/n on input line 22.
LaTeX Font Info:    Overwriting symbol font `letters' in version `normal'
(Font)                  OML/cmm/m/it --> OML/lmm/m/it on input line 23.
LaTeX Font Info:    Overwriting symbol font `symbols' in version `normal'
(Font)                  OMS/cmsy/m/n --> OMS/lmsy/m/n on input line 24.
LaTeX Font Info:    Overwriting symbol font `largesymbols' in version `normal'
(Font)                  OMX/cmex/m/n --> OMX/lmex/m/n on input line 25.
LaTeX Font Info:    Overwriting symbol font `operators' in version `bold'
(Font)                  OT1/cmr/bx/n --> OT1/lmr/bx/n on input line 26.
LaTeX Font Info:    Overwriting symbol font `letters' in version `bold'
(Font)                  OML/cmm/b/it --> OML/lmm/b/it on input line 27.
LaTeX Font Info:    Overwriting symbol font `symbols' in version `bold'
(Font)                  OMS/cmsy/b/n --> OMS/lmsy/b/n on input line 28.
LaTeX Font Info:    Overwriting symbol font `largesymbols' in version `bold'
(Font)                  OMX/cmex/m/n --> OMX/lmex/m/n on input line 29.
LaTeX Font Info:    Overwriting math alphabet `\mathbf' in version `normal'
(Font)                  OT1/cmr/bx/n --> OT1/lmr/bx/n on input line 31.
LaTeX Font Info:    Overwriting math alphabet `\mathsf' in version `normal'
(Font)                  OT1/cmss/m/n --> OT1/lmss/m/n on input line 32.
LaTeX Font Info:    Overwriting math alphabet `\mathit' in version `normal'
(Font)                  OT1/cmr/m/it --> OT1/lmr/m/it on input line 33.
LaTeX Font Info:    Overwriting math alphabet `\mathtt' in version `normal'
(Font)                  OT1/cmtt/m/n --> OT1/lmtt/m/n on input line 34.
LaTeX Font Info:    Overwriting math alphabet `\mathbf' in version `bold'
(Font)                  OT1/cmr/bx/n --> OT1/lmr/bx/n on input line 35.
LaTeX Font Info:    Overwriting math alphabet `\mathsf' in version `bold'
(Font)                  OT1/cmss/bx/n --> OT1/lmss/bx/n on input line 36.
LaTeX Font Info:    Overwriting math alphabet `\mathit' in version `bold'
(Font)                  OT1/cmr/bx/it --> OT1/lmr/bx/it on input line 37.
LaTeX Font Info:    Overwriting math alphabet `\mathtt' in version `bold'
(Font)                  OT1/cmtt/m/n --> OT1/lmtt/m/n on input line 38.
)
("C:\Users\flc59_000\AppData\Local\Programs\MiKTeX 2.9\tex\latex\base\fontenc.s
ty"
Package: fontenc 2005/09/27 v1.99g Standard LaTeX package

("C:\Users\flc59_000\AppData\Local\Programs\MiKTeX 2.9\tex\latex\base\t1enc.def
"
File: t1enc.def 2005/09/27 v1.99g Standard LaTeX file
LaTeX Font Info:    Redeclaring font encoding T1 on input line 48.
))
("C:\Users\flc59_000\AppData\Local\Programs\MiKTeX 2.9\tex\latex\base\inputenc.
sty"
Package: inputenc 2015/03/17 v1.2c Input encoding file
\inpenc@prehook=\toks26
\inpenc@posthook=\toks27

("C:\Users\flc59_000\AppData\Local\Programs\MiKTeX 2.9\tex\latex\base\utf8.def"
File: utf8.def 2015/09/07 v1.1p UTF-8 support for inputenc
Now handling font encoding OML ...
... no UTF-8 mapping file for font encoding OML
Now handling font encoding T1 ...
... processing UTF-8 mapping file for font encoding T1
("C:\Users\flc59_000\AppData\Local\Programs\MiKTeX 2.9\tex\latex\base\t1enc.dfu
"
File: t1enc.dfu 2015/09/07 v1.1p UTF-8 support for inputenc
   defining Unicode char U+00A0 (decimal 160)
   defining Unicode char U+00A1 (decimal 161)
   defining Unicode char U+00A3 (decimal 163)
   defining Unicode char U+00AB (decimal 171)
   defining Unicode char U+00AD (decimal 173)
   defining Unicode char U+00BB (decimal 187)
   defining Unicode char U+00BF (decimal 191)
   defining Unicode char U+00C0 (decimal 192)
   defining Unicode char U+00C1 (decimal 193)
   defining Unicode char U+00C2 (decimal 194)
   defining Unicode char U+00C3 (decimal 195)
   defining Unicode char U+00C4 (decimal 196)
   defining Unicode char U+00C5 (decimal 197)
   defining Unicode char U+00C6 (decimal 198)
   defining Unicode char U+00C7 (decimal 199)
   defining Unicode char U+00C8 (decimal 200)
   defining Unicode char U+00C9 (decimal 201)
   defining Unicode char U+00CA (decimal 202)
   defining Unicode char U+00CB (decimal 203)
   defining Unicode char U+00CC (decimal 204)
   defining Unicode char U+00CD (decimal 205)
   defining Unicode char U+00CE (decimal 206)
   defining Unicode char U+00CF (decimal 207)
   defining Unicode char U+00D0 (decimal 208)
   defining Unicode char U+00D1 (decimal 209)
   defining Unicode char U+00D2 (decimal 210)
   defining Unicode char U+00D3 (decimal 211)
   defining Unicode char U+00D4 (decimal 212)
   defining Unicode char U+00D5 (decimal 213)
   defining Unicode char U+00D6 (decimal 214)
   defining Unicode char U+00D8 (decimal 216)
   defining Unicode char U+00D9 (decimal 217)
   defining Unicode char U+00DA (decimal 218)
   defining Unicode char U+00DB (decimal 219)
   defining Unicode char U+00DC (decimal 220)
   defining Unicode char U+00DD (decimal 221)
   defining Unicode char U+00DE (decimal 222)
   defining Unicode char U+00DF (decimal 223)
   defining Unicode char U+00E0 (decimal 224)
   defining Unicode char U+00E1 (decimal 225)
   defining Unicode char U+00E2 (decimal 226)
   defining Unicode char U+00E3 (decimal 227)
   defining Unicode char U+00E4 (decimal 228)
   defining Unicode char U+00E5 (decimal 229)
   defining Unicode char U+00E6 (decimal 230)
   defining Unicode char U+00E7 (decimal 231)
   defining Unicode char U+00E8 (decimal 232)
   defining Unicode char U+00E9 (decimal 233)
   defining Unicode char U+00EA (decimal 234)
   defining Unicode char U+00EB (decimal 235)
   defining Unicode char U+00EC (decimal 236)
   defining Unicode char U+00ED (decimal 237)
   defining Unicode char U+00EE (decimal 238)
   defining Unicode char U+00EF (decimal 239)
   defining Unicode char U+00F0 (decimal 240)
   defining Unicode char U+00F1 (decimal 241)
   defining Unicode char U+00F2 (decimal 242)
   defining Unicode char U+00F3 (decimal 243)
   defining Unicode char U+00F4 (decimal 244)
   defining Unicode char U+00F5 (decimal 245)
   defining Unicode char U+00F6 (decimal 246)
   defining Unicode char U+00F8 (decimal 248)
   defining Unicode char U+00F9 (decimal 249)
   defining Unicode char U+00FA (decimal 250)
   defining Unicode char U+00FB (decimal 251)
   defining Unicode char U+00FC (decimal 252)
   defining Unicode char U+00FD (decimal 253)
   defining Unicode char U+00FE (decimal 254)
   defining Unicode char U+00FF (decimal 255)
   defining Unicode char U+0102 (decimal 258)
   defining Unicode char U+0103 (decimal 259)
   defining Unicode char U+0104 (decimal 260)
   defining Unicode char U+0105 (decimal 261)
   defining Unicode char U+0106 (decimal 262)
   defining Unicode char U+0107 (decimal 263)
   defining Unicode char U+010C (decimal 268)
   defining Unicode char U+010D (decimal 269)
   defining Unicode char U+010E (decimal 270)
   defining Unicode char U+010F (decimal 271)
   defining Unicode char U+0110 (decimal 272)
   defining Unicode char U+0111 (decimal 273)
   defining Unicode char U+0118 (decimal 280)
   defining Unicode char U+0119 (decimal 281)
   defining Unicode char U+011A (decimal 282)
   defining Unicode char U+011B (decimal 283)
   defining Unicode char U+011E (decimal 286)
   defining Unicode char U+011F (decimal 287)
   defining Unicode char U+0130 (decimal 304)
   defining Unicode char U+0131 (decimal 305)
   defining Unicode char U+0132 (decimal 306)
   defining Unicode char U+0133 (decimal 307)
   defining Unicode char U+0139 (decimal 313)
   defining Unicode char U+013A (decimal 314)
   defining Unicode char U+013D (decimal 317)
   defining Unicode char U+013E (decimal 318)
   defining Unicode char U+0141 (decimal 321)
   defining Unicode char U+0142 (decimal 322)
   defining Unicode char U+0143 (decimal 323)
   defining Unicode char U+0144 (decimal 324)
   defining Unicode char U+0147 (decimal 327)
   defining Unicode char U+0148 (decimal 328)
   defining Unicode char U+014A (decimal 330)
   defining Unicode char U+014B (decimal 331)
   defining Unicode char U+0150 (decimal 336)
   defining Unicode char U+0151 (decimal 337)
   defining Unicode char U+0152 (decimal 338)
   defining Unicode char U+0153 (decimal 339)
   defining Unicode char U+0154 (decimal 340)
   defining Unicode char U+0155 (decimal 341)
   defining Unicode char U+0158 (decimal 344)
   defining Unicode char U+0159 (decimal 345)
   defining Unicode char U+015A (decimal 346)
   defining Unicode char U+015B (decimal 347)
   defining Unicode char U+015E (decimal 350)
   defining Unicode char U+015F (decimal 351)
   defining Unicode char U+0160 (decimal 352)
   defining Unicode char U+0161 (decimal 353)
   defining Unicode char U+0162 (decimal 354)
   defining Unicode char U+0163 (decimal 355)
   defining Unicode char U+0164 (decimal 356)
   defining Unicode char U+0165 (decimal 357)
   defining Unicode char U+016E (decimal 366)
   defining Unicode char U+016F (decimal 367)
   defining Unicode char U+0170 (decimal 368)
   defining Unicode char U+0171 (decimal 369)
   defining Unicode char U+0174 (decimal 372)
   defining Unicode char U+0175 (decimal 373)
   defining Unicode char U+0176 (decimal 374)
   defining Unicode char U+0177 (decimal 375)
   defining Unicode char U+0178 (decimal 376)
   defining Unicode char U+0179 (decimal 377)
   defining Unicode char U+017A (decimal 378)
   defining Unicode char U+017B (decimal 379)
   defining Unicode char U+017C (decimal 380)
   defining Unicode char U+017D (decimal 381)
   defining Unicode char U+017E (decimal 382)
   defining Unicode char U+0218 (decimal 536)
   defining Unicode char U+0219 (decimal 537)
   defining Unicode char U+021A (decimal 538)
   defining Unicode char U+021B (decimal 539)
   defining Unicode char U+200C (decimal 8204)
   defining Unicode char U+2013 (decimal 8211)
   defining Unicode char U+2014 (decimal 8212)
   defining Unicode char U+2018 (decimal 8216)
   defining Unicode char U+2019 (decimal 8217)
   defining Unicode char U+201A (decimal 8218)
   defining Unicode char U+201C (decimal 8220)
   defining Unicode char U+201D (decimal 8221)
   defining Unicode char U+201E (decimal 8222)
   defining Unicode char U+2030 (decimal 8240)
   defining Unicode char U+2031 (decimal 8241)
   defining Unicode char U+2039 (decimal 8249)
   defining Unicode char U+203A (decimal 8250)
   defining Unicode char U+2423 (decimal 9251)
)
Now handling font encoding OT1 ...
... processing UTF-8 mapping file for font encoding OT1

("C:\Users\flc59_000\AppData\Local\Programs\MiKTeX 2.9\tex\latex\base\ot1enc.df
u"
File: ot1enc.dfu 2015/09/07 v1.1p UTF-8 support for inputenc
   defining Unicode char U+00A0 (decimal 160)
   defining Unicode char U+00A1 (decimal 161)
   defining Unicode char U+00A3 (decimal 163)
   defining Unicode char U+00AD (decimal 173)
   defining Unicode char U+00B8 (decimal 184)
   defining Unicode char U+00BF (decimal 191)
   defining Unicode char U+00C5 (decimal 197)
   defining Unicode char U+00C6 (decimal 198)
   defining Unicode char U+00D8 (decimal 216)
   defining Unicode char U+00DF (decimal 223)
   defining Unicode char U+00E6 (decimal 230)
   defining Unicode char U+00EC (decimal 236)
   defining Unicode char U+00ED (decimal 237)
   defining Unicode char U+00EE (decimal 238)
   defining Unicode char U+00EF (decimal 239)
   defining Unicode char U+00F8 (decimal 248)
   defining Unicode char U+0131 (decimal 305)
   defining Unicode char U+0141 (decimal 321)
   defining Unicode char U+0142 (decimal 322)
   defining Unicode char U+0152 (decimal 338)
   defining Unicode char U+0153 (decimal 339)
   defining Unicode char U+0174 (decimal 372)
   defining Unicode char U+0175 (decimal 373)
   defining Unicode char U+0176 (decimal 374)
   defining Unicode char U+0177 (decimal 375)
   defining Unicode char U+0218 (decimal 536)
   defining Unicode char U+0219 (decimal 537)
   defining Unicode char U+021A (decimal 538)
   defining Unicode char U+021B (decimal 539)
   defining Unicode char U+2013 (decimal 8211)
   defining Unicode char U+2014 (decimal 8212)
   defining Unicode char U+2018 (decimal 8216)
   defining Unicode char U+2019 (decimal 8217)
   defining Unicode char U+201C (decimal 8220)
   defining Unicode char U+201D (decimal 8221)
)
Now handling font encoding OMS ...
... processing UTF-8 mapping file for font encoding OMS

("C:\Users\flc59_000\AppData\Local\Programs\MiKTeX 2.9\tex\latex\base\omsenc.df
u"
File: omsenc.dfu 2015/09/07 v1.1p UTF-8 support for inputenc
   defining Unicode char U+00A7 (decimal 167)
   defining Unicode char U+00B6 (decimal 182)
   defining Unicode char U+00B7 (decimal 183)
   defining Unicode char U+2020 (decimal 8224)
   defining Unicode char U+2021 (decimal 8225)
   defining Unicode char U+2022 (decimal 8226)
)
Now handling font encoding OMX ...
... no UTF-8 mapping file for font encoding OMX
Now handling font encoding U ...
... no UTF-8 mapping file for font encoding U
Now handling font encoding PD1 ...
... no UTF-8 mapping file for font encoding PD1
   defining Unicode char U+00A9 (decimal 169)
   defining Unicode char U+00AA (decimal 170)
   defining Unicode char U+00AE (decimal 174)
   defining Unicode char U+00BA (decimal 186)
   defining Unicode char U+02C6 (decimal 710)
   defining Unicode char U+02DC (decimal 732)
   defining Unicode char U+200C (decimal 8204)
   defining Unicode char U+2026 (decimal 8230)
   defining Unicode char U+2122 (decimal 8482)
   defining Unicode char U+2423 (decimal 9251)
))
("C:\Users\flc59_000\AppData\Local\Programs\MiKTeX 2.9\tex\latex\lastpage\lastp
age.sty"
Package: lastpage 2015/03/29 v1.2m Refers to last page's name (HMM; JPG)
)
("C:\Users\flc59_000\AppData\Local\Programs\MiKTeX 2.9\tex\latex\tools\indentfi
rst.sty"
Package: indentfirst 1995/11/23 v1.03 Indent first paragraph (DPC)
)
("C:\Users\flc59_000\AppData\Local\Programs\MiKTeX 2.9\tex\latex\graphics\color
.sty"
Package: color 2014/10/28 v1.1a Standard LaTeX Color (DPC)

("C:\Users\flc59_000\AppData\Local\Programs\MiKTeX 2.9\tex\latex\00miktex\color
.cfg"
File: color.cfg 2007/01/18 v1.5 color configuration of teTeX/TeXLive
)
Package color Info: Driver file: pdftex.def on input line 142.

("C:\Users\flc59_000\AppData\Local\Programs\MiKTeX 2.9\tex\latex\pdftex-def\pdf
tex.def"
File: pdftex.def 2011/05/27 v0.06d Graphics/color for pdfTeX
\Gread@gobject=\count167
))
("C:\Users\flc59_000\AppData\Local\Programs\MiKTeX 2.9\tex\latex\graphics\graph
icx.sty"
Package: graphicx 2014/10/28 v1.0g Enhanced LaTeX Graphics (DPC,SPQR)

("C:\Users\flc59_000\AppData\Local\Programs\MiKTeX 2.9\tex\latex\graphics\graph
ics.sty"
Package: graphics 2014/10/28 v1.0p Standard LaTeX Graphics (DPC,SPQR)

("C:\Users\flc59_000\AppData\Local\Programs\MiKTeX 2.9\tex\latex\graphics\trig.
sty"
Package: trig 1999/03/16 v1.09 sin cos tan (DPC)
)
("C:\Users\flc59_000\AppData\Local\Programs\MiKTeX 2.9\tex\latex\00miktex\graph
ics.cfg"
File: graphics.cfg 2007/01/18 v1.5 graphics configuration of teTeX/TeXLive
)
Package graphics Info: Driver file: pdftex.def on input line 94.
)
\Gin@req@height=\dimen157
\Gin@req@width=\dimen158
)
("C:\Users\flc59_000\AppData\Local\Programs\MiKTeX 2.9\tex\latex\microtype\micr
otype.sty"
Package: microtype 2013/05/23 v2.5a Micro-typographical refinements (RS)
\MT@toks=\toks28
\MT@count=\count168
LaTeX Info: Redefining \textls on input line 766.
\MT@outer@kern=\dimen159
LaTeX Info: Redefining \textmicrotypecontext on input line 1285.
\MT@listname@count=\count169

("C:\Users\flc59_000\AppData\Local\Programs\MiKTeX 2.9\tex\latex\microtype\micr
otype-pdftex.def"
File: microtype-pdftex.def 2013/05/23 v2.5a Definitions specific to pdftex (RS)

LaTeX Info: Redefining \lsstyle on input line 915.
LaTeX Info: Redefining \lslig on input line 915.
\MT@outer@space=\skip263
)
Package microtype Info: Loading configuration file microtype.cfg.

("C:\Users\flc59_000\AppData\Local\Programs\MiKTeX 2.9\tex\latex\microtype\micr
otype.cfg"
File: microtype.cfg 2013/05/23 v2.5a microtype main configuration file (RS)
))
("C:\Users\flc59_000\AppData\Local\Programs\MiKTeX 2.9\tex\latex\multirow\multi
row.sty"
\bigstrutjot=\dimen160
)
("C:\Users\flc59_000\AppData\Local\Programs\MiKTeX 2.9\tex\latex\xcolor\xcolor.
sty"
Package: xcolor 2007/01/21 v2.11 LaTeX color extensions (UK)

("C:\Users\flc59_000\AppData\Local\Programs\MiKTeX 2.9\tex\latex\00miktex\color
.cfg"
File: color.cfg 2007/01/18 v1.5 color configuration of teTeX/TeXLive
)
Package xcolor Info: Driver file: pdftex.def on input line 225.

("C:\Users\flc59_000\AppData\Local\Programs\MiKTeX 2.9\tex\latex\colortbl\color
tbl.sty"
Package: colortbl 2012/02/13 v1.0a Color table columns (DPC)
\everycr=\toks29
\minrowclearance=\skip264
)
LaTeX Info: Redefining \color on input line 702.
\rownum=\count170
Package xcolor Info: Model `cmy' substituted by `cmy0' on input line 1337.
Package xcolor Info: Model `hsb' substituted by `rgb' on input line 1341.
Package xcolor Info: Model `RGB' extended on input line 1353.
Package xcolor Info: Model `HTML' substituted by `rgb' on input line 1355.
Package xcolor Info: Model `Hsb' substituted by `hsb' on input line 1356.
Package xcolor Info: Model `tHsb' substituted by `hsb' on input line 1357.
Package xcolor Info: Model `HSB' substituted by `hsb' on input line 1358.
Package xcolor Info: Model `Gray' substituted by `gray' on input line 1359.
Package xcolor Info: Model `wave' substituted by `hsb' on input line 1360.
)
("C:\Users\flc59_000\AppData\Local\Programs\MiKTeX 2.9\tex\latex\subfig\subfig.
sty"
Package: subfig 2005/06/28 ver: 1.3 subfig package


Class memoir Warning: You are using the caption package with the memoir class. 
To prepare we will now reset all captioning macros and configurations to kernel
 defaults, and then let the caption package take over. Please remember to use t
he caption package interfaces in order to configure your captions. .


("C:\Users\flc59_000\AppData\Local\Programs\MiKTeX 2.9\tex\latex\caption\captio
n.sty"
Package: caption 2015/09/17 v3.3-111 Customizing captions (AR)

("C:\Users\flc59_000\AppData\Local\Programs\MiKTeX 2.9\tex\latex\caption\captio
n3.sty"
Package: caption3 2015/09/20 v1.7-115 caption3 kernel (AR)
Package caption3 Info: TeX engine: e-TeX on input line 57.
\captionmargin=\dimen161
\captionmargin@=\dimen162
\captionwidth=\dimen163
\caption@tempdima=\dimen164
\caption@indent=\dimen165
\caption@parindent=\dimen166
\caption@hangindent=\dimen167
)
\c@ContinuedFloat=\count171
Package caption Info: hyperref package is loaded.
)
\c@KVtest=\count172
\sf@farskip=\skip265
\sf@captopadj=\dimen168
\sf@capskip=\skip266
\sf@nearskip=\skip267
\c@subfigure=\count173
\c@subfigure@save=\count174
\c@subtable=\count175
\c@subtable@save=\count176
\sf@top=\skip268
\sf@bottom=\skip269
)
("C:\Users\flc59_000\AppData\Local\Programs\MiKTeX 2.9\tex\latex\oberdiek\epsto
pdf.sty"
Package: epstopdf 2010/02/09 v2.5 Conversion with epstopdf on the fly (HO)

("C:\Users\flc59_000\AppData\Local\Programs\MiKTeX 2.9\tex\latex\oberdiek\epsto
pdf-base.sty"
Package: epstopdf-base 2010/02/09 v2.5 Base part for package epstopdf

("C:\Users\flc59_000\AppData\Local\Programs\MiKTeX 2.9\tex\latex\oberdiek\grfex
t.sty"
Package: grfext 2010/08/19 v1.1 Manage graphics extensions (HO)
)
Package grfext Info: Graphics extension search list:
(grfext)             [.png,.pdf,.jpg,.mps,.jpeg,.jbig2,.jb2,.PNG,.PDF,.JPG,.JPE
G,.JBIG2,.JB2,.eps]
(grfext)             \AppendGraphicsExtensions on input line 452.
))
("C:\Users\flc59_000\AppData\Local\Programs\MiKTeX 2.9\tex\latex\abntex2\abntex
2cite.sty"
Package: abntex2cite 2015/04/28 v1.9.5 abnTeX2

("C:\Users\flc59_000\AppData\Local\Programs\MiKTeX 2.9\tex\latex\abntex2\abntex
2abrev.sty")
\minimumbiblabelwidth=\skip270
\ABCIauxlen=\skip271
\c@ABCIaux=\count177
\c@ABCImax=\count178

("C:\Users\flc59_000\AppData\Local\Programs\MiKTeX 2.9\tex\latex\ltxmisc\relsiz
e.sty"
Package: relsize 2003/07/04 ver 3.1
)
\biblabelsep=\skip272
LaTeX Info: Redefining \newblock on input line 591.
LaTeX Info: Redefining \cite on input line 618.
\ABCItoken=\toks30
)
("C:\Users\flc59_000\AppData\Local\Programs\MiKTeX 2.9\tex\latex\amsfonts\eucal
.sty"
Package: eucal 2009/06/22 v3.00 Euler Script fonts
LaTeX Font Info:    Overwriting math alphabet `\EuScript' in version `bold'
(Font)                  U/eus/m/n --> U/eus/b/n on input line 33.
)
("C:\Users\flc59_000\AppData\Local\Programs\MiKTeX 2.9\tex\latex\amsmath\amsmat
h.sty"
Package: amsmath 2013/01/14 v2.14 AMS math features
\@mathmargin=\skip273

For additional information on amsmath, use the `?' option.

("C:\Users\flc59_000\AppData\Local\Programs\MiKTeX 2.9\tex\latex\amsmath\amstex
t.sty"
Package: amstext 2000/06/29 v2.01

("C:\Users\flc59_000\AppData\Local\Programs\MiKTeX 2.9\tex\latex\amsmath\amsgen
.sty"
File: amsgen.sty 1999/11/30 v2.0
\@emptytoks=\toks31
\ex@=\dimen169
))
("C:\Users\flc59_000\AppData\Local\Programs\MiKTeX 2.9\tex\latex\amsmath\amsbsy
.sty"
Package: amsbsy 1999/11/29 v1.2d
\pmbraise@=\dimen170
)
("C:\Users\flc59_000\AppData\Local\Programs\MiKTeX 2.9\tex\latex\amsmath\amsopn
.sty"
Package: amsopn 1999/12/14 v2.01 operator names
)
\inf@bad=\count179
LaTeX Info: Redefining \frac on input line 210.
\uproot@=\count180
\leftroot@=\count181
LaTeX Info: Redefining \overline on input line 306.
\classnum@=\count182
\DOTSCASE@=\count183
LaTeX Info: Redefining \ldots on input line 378.
LaTeX Info: Redefining \dots on input line 381.
LaTeX Info: Redefining \cdots on input line 466.
\Mathstrutbox@=\box30
\strutbox@=\box31
\big@size=\dimen171
LaTeX Font Info:    Redeclaring font encoding OML on input line 566.
LaTeX Font Info:    Redeclaring font encoding OMS on input line 567.
\macc@depth=\count184
\c@MaxMatrixCols=\count185
\dotsspace@=\muskip11
\c@parentequation=\count186
\dspbrk@lvl=\count187
\tag@help=\toks32
\row@=\count188
\column@=\count189
\maxfields@=\count190
\andhelp@=\toks33
\eqnshift@=\dimen172
\alignsep@=\dimen173
\tagshift@=\dimen174
\tagwidth@=\dimen175
\totwidth@=\dimen176
\lineht@=\dimen177
\@envbody=\toks34
\multlinegap=\skip274
\multlinetaggap=\skip275
\mathdisplay@stack=\toks35
LaTeX Info: Redefining \[ on input line 2665.
LaTeX Info: Redefining \] on input line 2666.
)
("C:\Users\flc59_000\AppData\Local\Programs\MiKTeX 2.9\tex\latex\amsfonts\amsfo
nts.sty"
Package: amsfonts 2013/01/14 v3.01 Basic AMSFonts support
\symAMSa=\mathgroup4
\symAMSb=\mathgroup5
LaTeX Font Info:    Overwriting math alphabet `\mathfrak' in version `bold'
(Font)                  U/euf/m/n --> U/euf/b/n on input line 106.
)
("C:\Users\flc59_000\AppData\Local\Programs\MiKTeX 2.9\tex\latex\amscls\amsthm.
sty"
Package: amsthm 2015/03/04 v2.20.2
\thm@style=\toks36
\thm@bodyfont=\toks37
\thm@headfont=\toks38
\thm@notefont=\toks39
\thm@headpunct=\toks40
\thm@preskip=\skip276
\thm@postskip=\skip277
\thm@headsep=\skip278
\dth@everypar=\toks41
)
("C:\Users\flc59_000\AppData\Local\Programs\MiKTeX 2.9\tex\latex\amsfonts\amssy
mb.sty"
Package: amssymb 2013/01/14 v3.01 AMS font symbols
)
("C:\Users\flc59_000\AppData\Local\Programs\MiKTeX 2.9\tex\latex\jknappen\mathr
sfs.sty"
Package: mathrsfs 1996/01/01 Math RSFS package v1.0 (jk)
\symrsfs=\mathgroup6
)
("C:\Users\flc59_000\AppData\Local\Programs\MiKTeX 2.9\tex\latex\undertilde\und
ertilde.sty"
Package: undertilde 2000/08/08 v1.0 Tilde under a math object
\knuthian@fdfive=\skip279
)
("C:\Users\flc59_000\AppData\Local\Programs\MiKTeX 2.9\tex\latex\psnfss\mathptm
x.sty"
Package: mathptmx 2005/04/12 PSNFSS-v9.2a Times w/ Math, improved (SPQR, WaS) 
LaTeX Font Info:    Redeclaring symbol font `operators' on input line 28.
LaTeX Font Info:    Overwriting symbol font `operators' in version `normal'
(Font)                  OT1/lmr/m/n --> OT1/ztmcm/m/n on input line 28.
LaTeX Font Info:    Overwriting symbol font `operators' in version `bold'
(Font)                  OT1/lmr/bx/n --> OT1/ztmcm/m/n on input line 28.
LaTeX Font Info:    Redeclaring symbol font `letters' on input line 29.
LaTeX Font Info:    Overwriting symbol font `letters' in version `normal'
(Font)                  OML/lmm/m/it --> OML/ztmcm/m/it on input line 29.
LaTeX Font Info:    Overwriting symbol font `letters' in version `bold'
(Font)                  OML/lmm/b/it --> OML/ztmcm/m/it on input line 29.
LaTeX Font Info:    Redeclaring symbol font `symbols' on input line 30.
LaTeX Font Info:    Overwriting symbol font `symbols' in version `normal'
(Font)                  OMS/lmsy/m/n --> OMS/ztmcm/m/n on input line 30.
LaTeX Font Info:    Overwriting symbol font `symbols' in version `bold'
(Font)                  OMS/lmsy/b/n --> OMS/ztmcm/m/n on input line 30.
LaTeX Font Info:    Redeclaring symbol font `largesymbols' on input line 31.
LaTeX Font Info:    Overwriting symbol font `largesymbols' in version `normal'
(Font)                  OMX/lmex/m/n --> OMX/ztmcm/m/n on input line 31.
LaTeX Font Info:    Overwriting symbol font `largesymbols' in version `bold'
(Font)                  OMX/lmex/m/n --> OMX/ztmcm/m/n on input line 31.
\symbold=\mathgroup7
\symitalic=\mathgroup8
LaTeX Font Info:    Redeclaring math alphabet \mathbf on input line 34.
LaTeX Font Info:    Overwriting math alphabet `\mathbf' in version `normal'
(Font)                  OT1/lmr/bx/n --> OT1/ptm/bx/n on input line 34.
LaTeX Font Info:    Overwriting math alphabet `\mathbf' in version `bold'
(Font)                  OT1/lmr/bx/n --> OT1/ptm/bx/n on input line 34.
LaTeX Font Info:    Redeclaring math alphabet \mathit on input line 35.
LaTeX Font Info:    Overwriting math alphabet `\mathit' in version `normal'
(Font)                  OT1/lmr/m/it --> OT1/ptm/m/it on input line 35.
LaTeX Font Info:    Overwriting math alphabet `\mathit' in version `bold'
(Font)                  OT1/lmr/bx/it --> OT1/ptm/m/it on input line 35.
LaTeX Info: Redefining \hbar on input line 50.
)
\c@teorema=\count191
 (lista.aux)
\openout1 = `lista.aux'.

LaTeX Font Info:    Checking defaults for OML/cmm/m/it on input line 67.
LaTeX Font Info:    ... okay on input line 67.
LaTeX Font Info:    Checking defaults for T1/cmr/m/n on input line 67.
LaTeX Font Info:    ... okay on input line 67.
LaTeX Font Info:    Checking defaults for OT1/cmr/m/n on input line 67.
LaTeX Font Info:    ... okay on input line 67.
LaTeX Font Info:    Checking defaults for OMS/cmsy/m/n on input line 67.
LaTeX Font Info:    ... okay on input line 67.
LaTeX Font Info:    Checking defaults for OMX/cmex/m/n on input line 67.
LaTeX Font Info:    ... okay on input line 67.
LaTeX Font Info:    Checking defaults for U/cmr/m/n on input line 67.
LaTeX Font Info:    ... okay on input line 67.
LaTeX Font Info:    Checking defaults for PD1/pdf/m/n on input line 67.
LaTeX Font Info:    ... okay on input line 67.
LaTeX Font Info:    Try loading font information for T1+ptm on input line 67.

("C:\Users\flc59_000\AppData\Local\Programs\MiKTeX 2.9\tex\latex\psnfss\t1ptm.f
d"
File: t1ptm.fd 2001/06/04 font definitions for T1/ptm.
)
\AtBeginShipoutBox=\box32
Package hyperref Info: Link coloring OFF on input line 67.

("C:\Users\flc59_000\AppData\Local\Programs\MiKTeX 2.9\tex\latex\hyperref\namer
ef.sty"
Package: nameref 2012/10/27 v2.43 Cross-referencing by name of section

("C:\Users\flc59_000\AppData\Local\Programs\MiKTeX 2.9\tex\generic\oberdiek\get
titlestring.sty"
Package: gettitlestring 2010/12/03 v1.4 Cleanup title references (HO)
)
\c@section@level=\count192
)
Redoing nameref's sectioning
Redoing nameref's label
LaTeX Info: Redefining \nameref on input line 67.
LaTeX Info: Redefining \ref on input line 67.
LaTeX Info: Redefining \pageref on input line 67.
LaTeX Info: Redefining \nameref on input line 67.
LaTeX Info: Redefining \degres on input line 67.
LaTeX Info: Redefining \dots on input line 67.
LaTeX Info: Redefining \up on input line 67.
\myptabbox=\box33
\myptabboxwidth=\skip280
Package lastpage Info: Please have a look at the pageslts package at
(lastpage)             https://www.ctan.org/pkg/pageslts
(lastpage)             ! on input line 67.

("C:\Users\flc59_000\AppData\Local\Programs\MiKTeX 2.9\tex\context\base\supp-pd
f.mkii"
[Loading MPS to PDF converter (version 2006.09.02).]
\scratchcounter=\count193
\scratchdimen=\dimen178
\scratchbox=\box34
\nofMPsegments=\count194
\nofMParguments=\count266
\everyMPshowfont=\toks42
\MPscratchCnt=\count267
\MPscratchDim=\dimen179
\MPnumerator=\count268
\makeMPintoPDFobject=\count269
\everyMPtoPDFconversion=\toks43
)
LaTeX Info: Redefining \microtypecontext on input line 67.
Package microtype Info: Generating PDF output.
Package microtype Info: Character protrusion enabled (level 2).
Package microtype Info: Using default protrusion set `alltext'.
Package microtype Info: Automatic font expansion enabled (level 2),
(microtype)             stretch: 20, shrink: 20, step: 1, non-selected.
Package microtype Info: Using default expansion set `basictext'.
Package microtype Info: No adjustment of tracking.
Package microtype Info: No adjustment of interword spacing.
Package microtype Info: No adjustment of character kerning.

("C:\Users\flc59_000\AppData\Local\Programs\MiKTeX 2.9\tex\latex\microtype\mt-p
tm.cfg"
File: mt-ptm.cfg 2006/04/20 v1.7 microtype config. file: Times (RS)
)
Package caption Info: Begin \AtBeginDocument code.
Package caption Info: subfig package v1.3 is loaded.
Package caption Info: End \AtBeginDocument code.
LaTeX Font Info:    Try loading font information for OT1+ztmcm on input line 73
.

("C:\Users\flc59_000\AppData\Local\Programs\MiKTeX 2.9\tex\latex\psnfss\ot1ztmc
m.fd"
File: ot1ztmcm.fd 2000/01/03 Fontinst v1.801 font definitions for OT1/ztmcm.
)
Package microtype Info: Loading generic settings for font family
(microtype)             `ztmcm' (encoding: OT1).
(microtype)             For optimal results, create family-specific settings.
(microtype)             See the microtype manual for details.
LaTeX Font Info:    Try loading font information for OML+ztmcm on input line 73
.

("C:\Users\flc59_000\AppData\Local\Programs\MiKTeX 2.9\tex\latex\psnfss\omlztmc
m.fd"
File: omlztmcm.fd 2000/01/03 Fontinst v1.801 font definitions for OML/ztmcm.
)
LaTeX Font Info:    Try loading font information for OMS+ztmcm on input line 73
.

("C:\Users\flc59_000\AppData\Local\Programs\MiKTeX 2.9\tex\latex\psnfss\omsztmc
m.fd"
File: omsztmcm.fd 2000/01/03 Fontinst v1.801 font definitions for OMS/ztmcm.
)
LaTeX Font Info:    Try loading font information for OMX+ztmcm on input line 73
.

("C:\Users\flc59_000\AppData\Local\Programs\MiKTeX 2.9\tex\latex\psnfss\omxztmc
m.fd"
File: omxztmcm.fd 2000/01/03 Fontinst v1.801 font definitions for OMX/ztmcm.
)
("C:\Users\flc59_000\AppData\Local\Programs\MiKTeX 2.9\tex\latex\microtype\mt-m
sa.cfg"
File: mt-msa.cfg 2006/02/04 v1.1 microtype config. file: AMS symbols (a) (RS)
)
("C:\Users\flc59_000\AppData\Local\Programs\MiKTeX 2.9\tex\latex\microtype\mt-m
sb.cfg"
File: mt-msb.cfg 2005/06/01 v1.0 microtype config. file: AMS symbols (b) (RS)
)
LaTeX Font Info:    Try loading font information for U+rsfs on input line 73.

("C:\Users\flc59_000\AppData\Local\Programs\MiKTeX 2.9\tex\latex\jknappen\ursfs
.fd"
File: ursfs.fd 1998/03/24 rsfs font definition file (jk)
)
LaTeX Font Info:    Try loading font information for OT1+ptm on input line 73.

("C:\Users\flc59_000\AppData\Local\Programs\MiKTeX 2.9\tex\latex\psnfss\ot1ptm.
fd"
File: ot1ptm.fd 2001/06/04 font definitions for OT1/ptm.
)
LaTeX Font Info:    Font shape `OT1/ptm/bx/n' in size <14.4> not available
(Font)              Font shape `OT1/ptm/b/n' tried instead on input line 73.
LaTeX Font Info:    Font shape `OT1/ptm/bx/n' in size <10.95> not available
(Font)              Font shape `OT1/ptm/b/n' tried instead on input line 73.
LaTeX Font Info:    Font shape `OT1/ptm/bx/n' in size <8> not available
(Font)              Font shape `OT1/ptm/b/n' tried instead on input line 73.
LaTeX Font Info:    Font shape `OT1/ptm/bx/n' in size <12> not available
(Font)              Font shape `OT1/ptm/b/n' tried instead on input line 74.
LaTeX Font Info:    Font shape `OT1/ptm/bx/n' in size <9> not available
(Font)              Font shape `OT1/ptm/b/n' tried instead on input line 74.
LaTeX Font Info:    Font shape `OT1/ptm/bx/n' in size <7> not available
(Font)              Font shape `OT1/ptm/b/n' tried instead on input line 74.
 [1

{C:/Users/flc59_000/AppData/Local/MiKTeX/2.9/pdftex/config/pdftex.map}]
Underfull \hbox (badness 10000) in paragraph at lines 106--107

 []


Underfull \hbox (badness 10000) in paragraph at lines 108--109

 []


Underfull \hbox (badness 10000) in paragraph at lines 110--111

 []


Underfull \hbox (badness 10000) in paragraph at lines 112--113

 []


Underfull \hbox (badness 10000) in paragraph at lines 114--115

 []


Underfull \hbox (badness 10000) in paragraph at lines 116--117

 []


Underfull \hbox (badness 10000) in paragraph at lines 121--122

 []


Underfull \hbox (badness 10000) in paragraph at lines 123--124

 []

[2]
Underfull \hbox (badness 10000) in paragraph at lines 136--137

 []


Underfull \hbox (badness 10000) in paragraph at lines 138--139

 []


Underfull \hbox (badness 10000) in paragraph at lines 142--143

 []


Underfull \hbox (badness 10000) in paragraph at lines 144--145

 []


Underfull \hbox (badness 10000) in paragraph at lines 146--147

 []


Underfull \hbox (badness 10000) in paragraph at lines 148--149

 []


Underfull \hbox (badness 10000) in paragraph at lines 150--151

 []


Underfull \hbox (badness 10000) in paragraph at lines 152--153

 []

[3]
Underfull \hbox (badness 10000) in paragraph at lines 191--192

 []

[4]
Underfull \hbox (badness 10000) in paragraph at lines 193--194

 []


Underfull \hbox (badness 10000) in paragraph at lines 204--205

 []


AED: lastpage setting LastPage
[5]
Package atveryend Info: Empty hook `BeforeClearDocument' on input line 217.
Package atveryend Info: Empty hook `AfterLastShipout' on input line 217.
 (lista.aux)
Package atveryend Info: Executing hook `AtVeryEndDocument' on input line 217.
Package atveryend Info: Empty hook `AtEndAfterFileList' on input line 217.
Package atveryend Info: Empty hook `AtVeryVeryEnd' on input line 217.
 ) 
Here is how much of TeX's memory you used:
 15990 strings out of 493634
 241589 string characters out of 3133607
 403087 words of memory out of 3000000
 19034 multiletter control sequences out of 15000+200000
 45219 words of font info for 119 fonts, out of 3000000 for 9000
 1027 hyphenation exceptions out of 8191
 47i,16n,42p,360b,516s stack positions out of 5000i,500n,10000p,200000b,50000s
{C:/Users/flc59_000/AppData/Local/Programs/MiKTeX 2.9/fonts/enc/dvips/fontnam
e/8r.enc}<C:/Users/flc59_000/AppData/Local/Programs/MiKTeX 2.9/fonts/type1/publ
ic/amsfonts/cm/cmex10.pfb><C:/Users/flc59_000/AppData/Local/Programs/MiKTeX 2.9
/fonts/type1/public/amsfonts/cm/cmmi10.pfb><C:/Users/flc59_000/AppData/Local/Pr
ograms/MiKTeX 2.9/fonts/type1/public/amsfonts/cm/cmr10.pfb><C:/Users/flc59_000/
AppData/Local/Programs/MiKTeX 2.9/fonts/type1/public/amsfonts/cm/cmsy10.pfb><C:
/Users/flc59_000/AppData/Local/Programs/MiKTeX 2.9/fonts/type1/urw/symbol/usyr.
pfb><C:/Users/flc59_000/AppData/Local/Programs/MiKTeX 2.9/fonts/type1/urw/symbo
l/usyr.pfb><C:/Users/flc59_000/AppData/Local/Programs/MiKTeX 2.9/fonts/type1/ur
w/times/utmr8a.pfb><C:/Users/flc59_000/AppData/Local/Programs/MiKTeX 2.9/fonts/
type1/urw/times/utmri8a.pfb>
Output written on lista.pdf (5 pages, 85739 bytes).
PDF statistics:
 112 PDF objects out of 1000 (max. 8388607)
 48 named destinations out of 1000 (max. 500000)
 22529 words of extra memory for PDF output out of 24883 (max. 10000000)

